<?xml version="1.0" encoding="UTF-8"?>
<!-- Generated by org.testng.reporters.JUnitReportReporter -->
<testsuite hostname="ACROlap32" failures="0" tests="4" name="S55_TestNG.A4_TC1TestNGPrioritizingDisabling" time="0.020" errors="0" timestamp="31 Aug 2020 05:25:29 GMT" skipped="1">
  <testcase classname="S55_TestNG.A4_TC1TestNGPrioritizingDisabling" name="testOne" time="0.013"/>
  <testcase classname="S55_TestNG.A4_TC1TestNGPrioritizingDisabling" name="testTwo" time="0.003"/>
  <testcase classname="S55_TestNG.A4_TC1TestNGPrioritizingDisabling" name="testThree" time="0.004"/>
  <testcase classname="S55_TestNG.A4_TC1TestNGPrioritizingDisabling" name="testFour">
    <skipped/>
  </testcase> <!-- testFour -->
</testsuite> <!-- S55_TestNG.A4_TC1TestNGPrioritizingDisabling -->
