<?xml version="1.0" encoding="UTF-8"?>
<!-- Generated by org.testng.reporters.JUnitReportReporter -->
<testsuite hostname="ACROlap32" failures="0" tests="1" name="S57_MonteScreenRecorderAPI.ScreenRecordTestCase" time="14.775" errors="0" timestamp="03 Sep 2020 11:32:34 GMT" skipped="0">
  <testcase classname="S57_MonteScreenRecorderAPI.ScreenRecordTestCase" name="verifyLinks" time="14.775"/>
</testsuite> <!-- S57_MonteScreenRecorderAPI.ScreenRecordTestCase -->
