<?xml version="1.0" encoding="UTF-8"?>
<!-- Generated by org.testng.reporters.JUnitReportReporter -->
<testsuite hostname="ACROlap32" failures="0" tests="1" name="S55_TestNG.B10_TC2TestNGParallelTest" time="61.704" errors="0" timestamp="01 Sep 2020 10:09:48 GMT" skipped="0">
  <testcase classname="S55_TestNG.B10_TC2TestNGParallelTest" name="loginTest" time="61.704"/>
</testsuite> <!-- S55_TestNG.B10_TC2TestNGParallelTest -->
