<?xml version="1.0" encoding="UTF-8"?>
<!-- Generated by org.testng.reporters.JUnitReportReporter -->
<testsuite hostname="ACROlap32" failures="0" tests="4" name="S55_TestNG.A8_TC1TestNGParameters" time="0.859" errors="0" timestamp="02 Sep 2020 05:00:12 GMT" skipped="0">
  <testcase classname="S55_TestNG.A8_TC1TestNGParameters" name="logoTest" time="0.163"/>
  <testcase classname="S55_TestNG.A8_TC1TestNGParameters" name="logoTest" time="0.427"/>
  <testcase classname="S55_TestNG.A8_TC1TestNGParameters" name="homePageTitle" time="0.251"/>
  <testcase classname="S55_TestNG.A8_TC1TestNGParameters" name="homePageTitle" time="0.018"/>
</testsuite> <!-- S55_TestNG.A8_TC1TestNGParameters -->
