<?xml version="1.0" encoding="UTF-8"?>
<!-- Generated by org.testng.reporters.JUnitReportReporter -->
<testsuite hostname="ACROlap32" failures="0" tests="1" name="S62_PageObjectModelType2.RegistrationTest" time="20.372" errors="0" timestamp="07 Sep 2020 09:14:06 GMT" skipped="0">
  <testcase classname="S62_PageObjectModelType2.RegistrationTest" name="verifyFlightReg" time="20.372"/>
</testsuite> <!-- S62_PageObjectModelType2.RegistrationTest -->
