<?xml version="1.0" encoding="UTF-8"?>
<!-- Generated by org.testng.reporters.JUnitReportReporter -->
<testsuite hostname="ACROlap32" failures="0" tests="2" name="S55_TestNG.A3_TC1TestNGAnnotations" time="0.018" errors="0" timestamp="02 Sep 2020 05:00:12 GMT" skipped="0">
  <testcase classname="S55_TestNG.A3_TC1TestNGAnnotations" name="test1" time="0.006"/>
  <testcase classname="S55_TestNG.A3_TC1TestNGAnnotations" name="test2" time="0.012"/>
</testsuite> <!-- S55_TestNG.A3_TC1TestNGAnnotations -->
