<?xml version="1.0" encoding="UTF-8"?>
<!-- Generated by org.testng.reporters.JUnitReportReporter -->
<testsuite hostname="ACROlap32" failures="0" tests="2" name="S55_TestNG.B10_TC1TestNGParallelTest" time="41.925" errors="0" timestamp="01 Sep 2020 11:25:13 GMT" skipped="0">
  <testcase classname="S55_TestNG.B10_TC1TestNGParallelTest" name="homePageTitle" time="20.962"/>
  <testcase classname="S55_TestNG.B10_TC1TestNGParallelTest" name="logoTest" time="20.963"/>
</testsuite> <!-- S55_TestNG.B10_TC1TestNGParallelTest -->
