<?xml version="1.0" encoding="UTF-8"?>
<!-- Generated by org.testng.reporters.JUnitReportReporter -->
<testsuite hostname="ACROlap32" failures="0" tests="2" name="S55_TestNG.A3_TestNGAnnotations" time="0.010" errors="0" timestamp="31 Aug 2020 04:31:45 GMT" skipped="0">
  <testcase classname="S55_TestNG.A3_TestNGAnnotations" name="test1" time="0.007"/>
  <testcase classname="S55_TestNG.A3_TestNGAnnotations" name="test2" time="0.003"/>
</testsuite> <!-- S55_TestNG.A3_TestNGAnnotations -->
