<?xml version="1.0" encoding="UTF-8"?>
<!-- Generated by org.testng.reporters.JUnitReportReporter -->
<testsuite hostname="ACROlap32" failures="0" tests="1" name="S61_PageObjectModel.RegistrationTest" time="23.858" errors="0" timestamp="07 Sep 2020 06:40:14 GMT" skipped="0">
  <testcase classname="S61_PageObjectModel.RegistrationTest" name="verifyFlightReg" time="23.858"/>
</testsuite> <!-- S61_PageObjectModel.RegistrationTest -->
