<?xml version="1.0" encoding="UTF-8"?>
<!-- Generated by org.testng.reporters.JUnitReportReporter -->
<testsuite hostname="ACROlap32" failures="0" tests="3" name="S55_TestNG.firstTest" time="0.035" errors="0" timestamp="28 Aug 2020 13:35:04 GMT" skipped="0">
  <testcase classname="S55_TestNG.firstTest" name="setup" time="0.027"/>
  <testcase classname="S55_TestNG.firstTest" name="login" time="0.003"/>
  <testcase classname="S55_TestNG.firstTest" name="teardown" time="0.005"/>
</testsuite> <!-- S55_TestNG.firstTest -->
