<?xml version="1.0" encoding="UTF-8"?>
<!-- Generated by org.testng.reporters.JUnitReportReporter -->
<testsuite hostname="ACROlap32" failures="0" tests="1" name="S55_TestNG.MyTest2" time="0.015" errors="0" timestamp="28 Aug 2020 13:38:41 GMT" skipped="0">
  <testcase classname="S55_TestNG.MyTest2" name="testlogin" time="0.015"/>
</testsuite> <!-- S55_TestNG.MyTest2 -->
