<?xml version="1.0" encoding="UTF-8"?>
<!-- Generated by org.testng.reporters.JUnitReportReporter -->
<testsuite hostname="ACROlap32" failures="0" tests="1" name="S61_PageObjectModelType1.RegistrationTest" time="22.593" errors="0" timestamp="07 Sep 2020 06:48:57 GMT" skipped="0">
  <testcase classname="S61_PageObjectModelType1.RegistrationTest" name="verifyFlightReg" time="22.593"/>
</testsuite> <!-- S61_PageObjectModelType1.RegistrationTest -->
