<?xml version="1.0" encoding="UTF-8"?>
<!-- Generated by org.testng.reporters.JUnitReportReporter -->
<testsuite hostname="ACROlap32" failures="0" tests="3" name="S55_TestNG.A1_TestNGIntro" time="0.021" errors="0" timestamp="02 Sep 2020 05:00:12 GMT" skipped="0">
  <testcase classname="S55_TestNG.A1_TestNGIntro" name="setup" time="0.016"/>
  <testcase classname="S55_TestNG.A1_TestNGIntro" name="login" time="0.002"/>
  <testcase classname="S55_TestNG.A1_TestNGIntro" name="teardown" time="0.003"/>
</testsuite> <!-- S55_TestNG.A1_TestNGIntro -->
