<?xml version="1.0" encoding="UTF-8"?>
<!-- Generated by org.testng.reporters.JUnitReportReporter -->
<testsuite hostname="ACROlap32" failures="0" tests="6" name="S55_TestNG.A9_TC1TestNGDataProvider" time="0.024" errors="0" timestamp="31 Aug 2020 15:09:36 GMT" skipped="0">
  <testcase classname="S55_TestNG.A9_TC1TestNGDataProvider" name="loginTest" time="0.002"/>
  <testcase classname="S55_TestNG.A9_TC1TestNGDataProvider" name="loginTest" time="0.002"/>
  <testcase classname="S55_TestNG.A9_TC1TestNGDataProvider" name="namePhoneTest" time="0.003"/>
  <testcase classname="S55_TestNG.A9_TC1TestNGDataProvider" name="loginTest" time="0.012"/>
  <testcase classname="S55_TestNG.A9_TC1TestNGDataProvider" name="namePhoneTest" time="0.002"/>
  <testcase classname="S55_TestNG.A9_TC1TestNGDataProvider" name="namePhoneTest" time="0.003"/>
</testsuite> <!-- S55_TestNG.A9_TC1TestNGDataProvider -->
