<?xml version="1.0" encoding="UTF-8"?>
<!-- Generated by org.testng.reporters.JUnitReportReporter -->
<testsuite hostname="ACROlap32" failures="0" tests="2" name="S55_TestNG.A6_TC1TestNGGrouping" time="0.010" errors="0" timestamp="02 Sep 2020 05:00:12 GMT" skipped="0">
  <testcase classname="S55_TestNG.A6_TC1TestNGGrouping" name="test3" time="0.004"/>
  <testcase classname="S55_TestNG.A6_TC1TestNGGrouping" name="test4" time="0.006"/>
</testsuite> <!-- S55_TestNG.A6_TC1TestNGGrouping -->
