<?xml version="1.0" encoding="UTF-8"?>
<!-- Generated by org.testng.reporters.JUnitReportReporter -->
<testsuite hostname="ACROlap32" failures="0" tests="2" name="S55_TestNG.A3_TC2TestNGAnnotations" time="0.006" errors="0" timestamp="02 Sep 2020 05:00:12 GMT" skipped="0">
  <testcase classname="S55_TestNG.A3_TC2TestNGAnnotations" name="test4" time="0.003"/>
  <testcase classname="S55_TestNG.A3_TC2TestNGAnnotations" name="test3" time="0.003"/>
</testsuite> <!-- S55_TestNG.A3_TC2TestNGAnnotations -->
